Performing C SOURCE FILE Test CMAKE_HAVE_LIBC_PTHREAD failed with the following output:
Change Dir: D:/Desktop/program/C++/TheSurvivor/out/build/x64-Debug/CMakeFiles/CMakeScratch/TryCompile-6idq67

Run Build Command(s):C:/Program Files/Microsoft Visual Studio/2022/Community/Common7/IDE/CommonExtensions/Microsoft/CMake/Ninja/ninja.exe cmTC_17356 && [1/2] Building C object CMakeFiles\cmTC_17356.dir\src.c.obj
FAILED: CMakeFiles/cmTC_17356.dir/src.c.obj 
C:\PROGRA~1\MICROS~2\2022\COMMUN~1\VC\Tools\MSVC\1435~1.322\bin\Hostx64\x64\cl.exe  /nologo -DCMAKE_HAVE_LIBC_PTHREAD  /DWIN32 /D_WINDOWS  /Zi /Ob0 /Od /RTC1 -MDd /showIncludes /FoCMakeFiles\cmTC_17356.dir\src.c.obj /FdCMakeFiles\cmTC_17356.dir\ /FS -c D:\Desktop\program\C++\TheSurvivor\out\build\x64-Debug\CMakeFiles\CMakeScratch\TryCompile-6idq67\src.c
D:\Desktop\program\C++\TheSurvivor\out\build\x64-Debug\CMakeFiles\CMakeScratch\TryCompile-6idq67\src.c(1): fatal error C1083: 无法打开包括文件: “pthread.h”: No such file or directory
ninja: build stopped: subcommand failed.


Source file was:
#include <pthread.h>

static void* test_func(void* data)
{
  return data;
}

int main(void)
{
  pthread_t thread;
  pthread_create(&thread, NULL, test_func, NULL);
  pthread_detach(thread);
  pthread_cancel(thread);
  pthread_join(thread, NULL);
  pthread_atfork(NULL, NULL, NULL);
  pthread_exit(NULL);

  return 0;
}


Determining if the function pthread_create exists in the pthreads failed with the following output:
Change Dir: D:/Desktop/program/C++/TheSurvivor/out/build/x64-Debug/CMakeFiles/CMakeScratch/TryCompile-612vko

Run Build Command(s):C:/Program Files/Microsoft Visual Studio/2022/Community/Common7/IDE/CommonExtensions/Microsoft/CMake/Ninja/ninja.exe cmTC_3f050 && [1/2] Building C object CMakeFiles\cmTC_3f050.dir\CheckFunctionExists.c.obj
[2/2] Linking C executable cmTC_3f050.exe
FAILED: cmTC_3f050.exe 
cmd.exe /C "cd . && "C:\Program Files\Microsoft Visual Studio\2022\Community\Common7\IDE\CommonExtensions\Microsoft\CMake\CMake\bin\cmake.exe" -E vs_link_exe --intdir=CMakeFiles\cmTC_3f050.dir --rc=C:\PROGRA~2\WI3CF2~1\10\bin\100220~1.0\x64\rc.exe --mt=C:\PROGRA~2\WI3CF2~1\10\bin\100220~1.0\x64\mt.exe --manifests  -- C:\PROGRA~1\MICROS~2\2022\COMMUN~1\VC\Tools\MSVC\1435~1.322\bin\Hostx64\x64\link.exe /nologo CMakeFiles\cmTC_3f050.dir\CheckFunctionExists.c.obj  /out:cmTC_3f050.exe /implib:cmTC_3f050.lib /pdb:cmTC_3f050.pdb /version:0.0 /machine:x64  /debug /INCREMENTAL /subsystem:console  pthreads.lib  kernel32.lib user32.lib gdi32.lib winspool.lib shell32.lib ole32.lib oleaut32.lib uuid.lib comdlg32.lib advapi32.lib && cd ."
LINK Pass 1: command "C:\PROGRA~1\MICROS~2\2022\COMMUN~1\VC\Tools\MSVC\1435~1.322\bin\Hostx64\x64\link.exe /nologo CMakeFiles\cmTC_3f050.dir\CheckFunctionExists.c.obj /out:cmTC_3f050.exe /implib:cmTC_3f050.lib /pdb:cmTC_3f050.pdb /version:0.0 /machine:x64 /debug /INCREMENTAL /subsystem:console pthreads.lib kernel32.lib user32.lib gdi32.lib winspool.lib shell32.lib ole32.lib oleaut32.lib uuid.lib comdlg32.lib advapi32.lib /MANIFEST /MANIFESTFILE:CMakeFiles\cmTC_3f050.dir/intermediate.manifest CMakeFiles\cmTC_3f050.dir/manifest.res" failed (exit code 1104) with the following output:
LINK : fatal error LNK1104: 无法打开文件“pthreads.lib”
ninja: build stopped: subcommand failed.



Determining if the function pthread_create exists in the pthread failed with the following output:
Change Dir: D:/Desktop/program/C++/TheSurvivor/out/build/x64-Debug/CMakeFiles/CMakeScratch/TryCompile-5d2kaz

Run Build Command(s):C:/Program Files/Microsoft Visual Studio/2022/Community/Common7/IDE/CommonExtensions/Microsoft/CMake/Ninja/ninja.exe cmTC_8153c && [1/2] Building C object CMakeFiles\cmTC_8153c.dir\CheckFunctionExists.c.obj
[2/2] Linking C executable cmTC_8153c.exe
FAILED: cmTC_8153c.exe 
cmd.exe /C "cd . && "C:\Program Files\Microsoft Visual Studio\2022\Community\Common7\IDE\CommonExtensions\Microsoft\CMake\CMake\bin\cmake.exe" -E vs_link_exe --intdir=CMakeFiles\cmTC_8153c.dir --rc=C:\PROGRA~2\WI3CF2~1\10\bin\100220~1.0\x64\rc.exe --mt=C:\PROGRA~2\WI3CF2~1\10\bin\100220~1.0\x64\mt.exe --manifests  -- C:\PROGRA~1\MICROS~2\2022\COMMUN~1\VC\Tools\MSVC\1435~1.322\bin\Hostx64\x64\link.exe /nologo CMakeFiles\cmTC_8153c.dir\CheckFunctionExists.c.obj  /out:cmTC_8153c.exe /implib:cmTC_8153c.lib /pdb:cmTC_8153c.pdb /version:0.0 /machine:x64  /debug /INCREMENTAL /subsystem:console  pthread.lib  kernel32.lib user32.lib gdi32.lib winspool.lib shell32.lib ole32.lib oleaut32.lib uuid.lib comdlg32.lib advapi32.lib && cd ."
LINK Pass 1: command "C:\PROGRA~1\MICROS~2\2022\COMMUN~1\VC\Tools\MSVC\1435~1.322\bin\Hostx64\x64\link.exe /nologo CMakeFiles\cmTC_8153c.dir\CheckFunctionExists.c.obj /out:cmTC_8153c.exe /implib:cmTC_8153c.lib /pdb:cmTC_8153c.pdb /version:0.0 /machine:x64 /debug /INCREMENTAL /subsystem:console pthread.lib kernel32.lib user32.lib gdi32.lib winspool.lib shell32.lib ole32.lib oleaut32.lib uuid.lib comdlg32.lib advapi32.lib /MANIFEST /MANIFESTFILE:CMakeFiles\cmTC_8153c.dir/intermediate.manifest CMakeFiles\cmTC_8153c.dir/manifest.res" failed (exit code 1104) with the following output:
LINK : fatal error LNK1104: 无法打开文件“pthread.lib”
ninja: build stopped: subcommand failed.



